0 info it worked if it ends with ok
1 verbose cli [ 'C:\\Program Files\\nodejs\\node.exe',
1 verbose cli   'C:\\Program Files\\nodejs\\node_modules\\npm\\bin\\npm-cli.js',
1 verbose cli   'run',
1 verbose cli   'start' ]
2 info using npm@3.10.10
3 info using node@v6.9.4
4 verbose run-script [ 'prestart', 'start', 'poststart' ]
5 info lifecycle vue-webpack@1.0.0~prestart: vue-webpack@1.0.0
6 silly lifecycle vue-webpack@1.0.0~prestart: no script for prestart, continuing
7 info lifecycle vue-webpack@1.0.0~start: vue-webpack@1.0.0
8 verbose lifecycle vue-webpack@1.0.0~start: unsafe-perm in lifecycle true
9 verbose lifecycle vue-webpack@1.0.0~start: PATH: C:\Program Files\nodejs\node_modules\npm\bin\node-gyp-bin;C:\Users\Administrator\Desktop\vue-webpack\node_modules\.bin;C:\Program Files (x86)\Microsoft Visual Studio\Shared\Python36_64\Scripts\;C:\Program Files (x86)\Microsoft Visual Studio\Shared\Python36_64\;C:\Program Files\Java\jdk1.8.0_144\bin;C:\Program Files\Java\jdk1.8.0_144\jre\bin;c:\windows\system32;C:\MinGw\bin;C:\Program Files\Microsoft SQL Server\130\Tools\Binn\;C:\Program Files (x86)\Microsoft Visual Studio\Shared\Python36_64;C:\Program Files (x86)\GtkSharp\2.12\bin;C:\commons-logging-1.2;C:\Ruby23-x64\bin;F:\Microsoft VS Code\bin;C:\Users\Administrator\AppData\Roaming\npm;C:\apache-tomcat-9.0.5\bin;C:\Program Files\nodejs
10 verbose lifecycle vue-webpack@1.0.0~start: CWD: C:\Users\Administrator\Desktop\vue-webpack
11 silly lifecycle vue-webpack@1.0.0~start: Args: [ '/d /s /c', 'webpack-dev-server --open' ]
12 silly lifecycle vue-webpack@1.0.0~start: Returned: code: 3221225786  signal: null
13 info lifecycle vue-webpack@1.0.0~start: Failed to exec start script
14 verbose stack Error: vue-webpack@1.0.0 start: `webpack-dev-server --open`
14 verbose stack Exit status 3221225786
14 verbose stack     at EventEmitter.<anonymous> (C:\Program Files\nodejs\node_modules\npm\lib\utils\lifecycle.js:255:16)
14 verbose stack     at emitTwo (events.js:106:13)
14 verbose stack     at EventEmitter.emit (events.js:191:7)
14 verbose stack     at ChildProcess.<anonymous> (C:\Program Files\nodejs\node_modules\npm\lib\utils\spawn.js:40:14)
14 verbose stack     at emitTwo (events.js:106:13)
14 verbose stack     at ChildProcess.emit (events.js:191:7)
14 verbose stack     at maybeClose (internal/child_process.js:877:16)
14 verbose stack     at Process.ChildProcess._handle.onexit (internal/child_process.js:226:5)
15 verbose pkgid vue-webpack@1.0.0
16 verbose cwd C:\Users\Administrator\Desktop\vue-webpack
17 error Windows_NT 10.0.10586
18 error argv "C:\\Program Files\\nodejs\\node.exe" "C:\\Program Files\\nodejs\\node_modules\\npm\\bin\\npm-cli.js" "run" "start"
19 error node v6.9.4
20 error npm  v3.10.10
21 error code ELIFECYCLE
22 error vue-webpack@1.0.0 start: `webpack-dev-server --open`
22 error Exit status 3221225786
23 error Failed at the vue-webpack@1.0.0 start script 'webpack-dev-server --open'.
23 error Make sure you have the latest version of node.js and npm installed.
23 error If you do, this is most likely a problem with the vue-webpack package,
23 error not with npm itself.
23 error Tell the author that this fails on your system:
23 error     webpack-dev-server --open
23 error You can get information on how to open an issue for this project with:
23 error     npm bugs vue-webpack
23 error Or if that isn't available, you can get their info via:
23 error     npm owner ls vue-webpack
23 error There is likely additional logging output above.
24 verbose exit [ 1, true ]
